0 info it worked if it ends with ok
1 verbose cli [ 'D:\\Program Files\\nodejs\\node.exe',
1 verbose cli   'D:\\Program Files\\nodejs\\node_modules\\npm\\bin\\npm-cli.js',
1 verbose cli   'start' ]
2 info using npm@3.10.10
3 info using node@v6.11.3
4 verbose run-script [ 'prestart', 'start', 'poststart' ]
5 info lifecycle md-free-angular-cli@1.4.1~prestart: md-free-angular-cli@1.4.1
6 silly lifecycle md-free-angular-cli@1.4.1~prestart: no script for prestart, continuing
7 info lifecycle md-free-angular-cli@1.4.1~start: md-free-angular-cli@1.4.1
8 verbose lifecycle md-free-angular-cli@1.4.1~start: unsafe-perm in lifecycle true
9 verbose lifecycle md-free-angular-cli@1.4.1~start: PATH: D:\Program Files\nodejs\node_modules\npm\bin\node-gyp-bin;D:\SmartCity\public\node_modules\.bin;C:\Program Files\Common Files\Microsoft Shared\Microsoft Online Services;C:\Program Files (x86)\Common Files\Microsoft Shared\Microsoft Online Services;C:\ProgramData\Oracle\Java\javapath;C:\Windows\system32;C:\Windows;C:\Windows\System32\Wbem;C:\Windows\System32\WindowsPowerShell\v1.0\;C:\Windows\CCM;C:\Windows\CCM;D:\Program Files\nodejs\;C:\Windows\system32\config\systemprofile\.dnx\bin;C:\Program Files\Microsoft DNX\Dnvm\;C:\Program Files\Microsoft SQL Server\130\Tools\Binn\;C:\Users\U60442\AppData\Roaming\npm
10 verbose lifecycle md-free-angular-cli@1.4.1~start: CWD: D:\SmartCity\public
11 silly lifecycle md-free-angular-cli@1.4.1~start: Args: [ '/d /s /c', 'ng serve' ]
12 silly lifecycle md-free-angular-cli@1.4.1~start: Returned: code: 1  signal: null
13 info lifecycle md-free-angular-cli@1.4.1~start: Failed to exec start script
14 verbose stack Error: md-free-angular-cli@1.4.1 start: `ng serve`
14 verbose stack Exit status 1
14 verbose stack     at EventEmitter.<anonymous> (D:\Program Files\nodejs\node_modules\npm\lib\utils\lifecycle.js:255:16)
14 verbose stack     at emitTwo (events.js:106:13)
14 verbose stack     at EventEmitter.emit (events.js:191:7)
14 verbose stack     at ChildProcess.<anonymous> (D:\Program Files\nodejs\node_modules\npm\lib\utils\spawn.js:40:14)
14 verbose stack     at emitTwo (events.js:106:13)
14 verbose stack     at ChildProcess.emit (events.js:191:7)
14 verbose stack     at maybeClose (internal/child_process.js:920:16)
14 verbose stack     at Process.ChildProcess._handle.onexit (internal/child_process.js:230:5)
15 verbose pkgid md-free-angular-cli@1.4.1
16 verbose cwd D:\SmartCity\public\src
17 error Windows_NT 6.1.7601
18 error argv "D:\\Program Files\\nodejs\\node.exe" "D:\\Program Files\\nodejs\\node_modules\\npm\\bin\\npm-cli.js" "start"
19 error node v6.11.3
20 error npm  v3.10.10
21 error code ELIFECYCLE
22 error md-free-angular-cli@1.4.1 start: `ng serve`
22 error Exit status 1
23 error Failed at the md-free-angular-cli@1.4.1 start script 'ng serve'.
23 error Make sure you have the latest version of node.js and npm installed.
23 error If you do, this is most likely a problem with the md-free-angular-cli package,
23 error not with npm itself.
23 error Tell the author that this fails on your system:
23 error     ng serve
23 error You can get information on how to open an issue for this project with:
23 error     npm bugs md-free-angular-cli
23 error Or if that isn't available, you can get their info via:
23 error     npm owner ls md-free-angular-cli
23 error There is likely additional logging output above.
24 verbose exit [ 1, true ]
